<?xml version="1.0" encoding="UTF-8"?>
<!-- Generated by org.testng.reporters.JUnitReportReporter -->
<testsuite hostname="LPT-0919" failures="1" tests="1" name="com.ae.qa.testcases.FileManagementPageTest" time="24.352" errors="0" timestamp="06 Dec 2021 10:54:48 GMT" skipped="0">
  <testcase classname="com.ae.qa.testcases.FileManagementPageTest" name="validateUploadDriverTest" time="24.352">
    <failure message="Chrome driver not uploaded expected [File Uploaded Successfully] but found [File with Name [CHROME92.zip] and category [PLUGIN] already exists for tenant [SYSADMIN]]" type="java.lang.AssertionError">
      <![CDATA[java.lang.AssertionError: Chrome driver not uploaded expected [File Uploaded Successfully] but found [File with Name [CHROME92.zip] and category [PLUGIN] already exists for tenant [SYSADMIN]]
at org.testng.Assert.fail(Assert.java:96)
at org.testng.Assert.failNotEquals(Assert.java:776)
at org.testng.Assert.assertEqualsImpl(Assert.java:137)
at org.testng.Assert.assertEquals(Assert.java:118)
at org.testng.Assert.assertEquals(Assert.java:453)
at com.ae.qa.pages.FileManagementPage.validateUploadDriver(FileManagementPage.java:76)
at com.ae.qa.testcases.FileManagementPageTest.validateUploadDriverTest(FileManagementPageTest.java:30)
at java.base/jdk.internal.reflect.NativeMethodAccessorImpl.invoke0(Native Method)
at java.base/jdk.internal.reflect.NativeMethodAccessorImpl.invoke(NativeMethodAccessorImpl.java:62)
at java.base/jdk.internal.reflect.DelegatingMethodAccessorImpl.invoke(DelegatingMethodAccessorImpl.java:43)
at java.base/java.lang.reflect.Method.invoke(Method.java:566)
at org.testng.internal.MethodInvocationHelper.invokeMethod(MethodInvocationHelper.java:124)
at org.testng.internal.Invoker.invokeMethod(Invoker.java:583)
at org.testng.internal.Invoker.invokeTestMethod(Invoker.java:719)
at org.testng.internal.Invoker.invokeTestMethods(Invoker.java:989)
at org.testng.internal.TestMethodWorker.invokeTestMethods(TestMethodWorker.java:125)
at org.testng.internal.TestMethodWorker.run(TestMethodWorker.java:109)
at java.base/java.util.concurrent.ThreadPoolExecutor.runWorker(ThreadPoolExecutor.java:1128)
at java.base/java.util.concurrent.ThreadPoolExecutor$Worker.run(ThreadPoolExecutor.java:628)
at java.base/java.lang.Thread.run(Thread.java:834)
]]>
    </failure>
  </testcase> <!-- validateUploadDriverTest -->
</testsuite> <!-- com.ae.qa.testcases.FileManagementPageTest -->
